<?xml version="1.0" encoding="UTF-8"?>
<testsuite xmlns:xsi="http://www.w3.org/2001/XMLSchema-instance" xsi:noNamespaceSchemaLocation="https://maven.apache.org/surefire/maven-surefire-plugin/xsd/surefire-test-report-3.0.xsd" version="3.0" name="Test_SapExample" time="2.853" tests="1" errors="1" skipped="0" failures="0">
  <properties>
[...]
</properties>
  <testcase name="test1" classname="Test_SapExample" time="2.822">
    <error type="com.jacob.com.ComFailException"><![CDATA[com.jacob.com.ComFailException: 
Invoke of: FindById
Source: SAP Frontend Server
Description: The control could not be found by id.

	at Test_SapExample.test1(Test_SapExample.java:75)
]]></error>
    <system-out><![CDATA[SAPROTWr: com.jacob.activeX.ActiveXComponent@2ea6137
ROTEntry: com.jacob.com.Dispatch@55040f2f
0
SAPROTWr: com.jacob.activeX.ActiveXComponent@64c87930
ROTEntry: com.jacob.com.Dispatch@525f1e4e
ScriptEngine: com.jacob.com.Dispatch@52aa2946
GUIApp: com.jacob.activeX.ActiveXComponent@67e2d983
Нашел окно
com.jacob.activeX.ActiveXComponent@589b3632
]]></system-out>
  </testcase>
</testsuite>